28464
76480
31552
40336
42080
44848
27760
52352
70864
53856
83888
58720
58640
55024
89568
18064
12960
91152
37776
49776
57152
39808
72384
35152
70656
34928
85136
85808
73104
39968
17056
82032
37904
16080
60352
20032
43856
91312
84736
84464
9504
46128
82048
71408
3104
46064
29088
41536
68128
79776
65280
70160
92752
75712
3744
59408
78656
12592
432
50720
81200
66288
76240
92624
38240
51376
23264
54880
85920
56320
21024
50016
91664
67168
54496
94320
80400
92000
90960
65680
5952
3184
54640
28240
82640
6816
79424
66336
45104
35600
51120
80080
58208
55152
5008
87184
25936
76592
76368
59232
37264
43664
65216
75744
26576
1728
4512
75376
10304
11488
34112
75648
31712
57264
75584
14080
18752
23968
26208
23104
73344
52800
87760
27632
46512
2864
36864
4336
81104
1744
67040
44560
63952
15264
89728
26224
10400
13520
13984
82928
28688
48896
88032
58624
73360
77312
31808
57312
59968
52560
69168
72432
68816
18704
62304
15168
89632
56464
80368
72784
31424
57472
61296
16576
51488
87344
22624
23584
71296
1280
12496
31376
30336
55136
59328
19568
50448
58560
9472
14336
67328
43424
13888
38032
90944
11184
23616
28944
68576
8592
64640
62832
78800
43712
35296
65488
13248
49168
50976
38624
31232
23584
58304
32864
62016
47152
1936
40912
43584
45136
42720
57008
72144
64112
90016
21616
25760
52592
58944
46352
10896
27728
15760
52816
47840
15600
27392
24368
17376
74832
22688
9984
71088
4432
55328
28496
77152
10784
34064
59856
87616
50304
42640
35184
14944
87584
56080
18864
52432
61456